# JRE version: OpenJDK Runtime Environment (11.0.12+7) (build 11.0.12+7-b1504.28-7817840)
# Java VM: OpenJDK 64-Bit Server VM (11.0.12+7-b1504.28-7817840, mixed mode, tiered, compressed oops, g1 gc, windows-amd64)
Heap:
 garbage-first heap   total 372736K, used 148451K [0x0000000080000000, 0x0000000100000000)
  region size 1024K, 14 young (14336K), 13 survivors (13312K)
 Metaspace       used 138501K, capacity 142713K, committed 142976K, reserved 1173504K
  class space    used 17797K, capacity 19460K, committed 19584K, reserved 1048576K
GC Heap History (20 events):
Event: 21.628 GC heap before
{Heap before GC invocations=32 (full 0):
 garbage-first heap   total 310272K, used 239002K [0x0000000080000000, 0x0000000100000000)
  region size 1024K, 15 young (15360K), 2 survivors (2048K)
 Metaspace       used 113808K, capacity 116951K, committed 117760K, reserved 1150976K
  class space    used 14605K, capacity 15869K, committed 16128K, reserved 1048576K
}
Event: 21.633 GC heap after
{Heap after GC invocations=33 (full 0):
 garbage-first heap   total 310272K, used 226118K [0x0000000080000000, 0x0000000100000000)
  region size 1024K, 2 young (2048K), 2 survivors (2048K)
 Metaspace       used 113808K, capacity 116951K, committed 117760K, reserved 1150976K
  class space    used 14605K, capacity 15869K, committed 16128K, reserved 1048576K
}
Event: 22.183 GC heap before
{Heap before GC invocations=34 (full 0):
 garbage-first heap   total 310272K, used 246598K [0x0000000080000000, 0x0000000100000000)
  region size 1024K, 22 young (22528K), 2 survivors (2048K)
 Metaspace       used 114951K, capacity 118135K, committed 118656K, reserved 1150976K
  class space    used 14698K, capacity 15983K, committed 16256K, reserved 1048576K
}
Event: 22.192 GC heap after
{Heap after GC invocations=35 (full 0):
 garbage-first heap   total 310272K, used 227391K [0x0000000080000000, 0x0000000100000000)
  region size 1024K, 3 young (3072K), 3 survivors (3072K)
 Metaspace       used 114951K, capacity 118135K, committed 118656K, reserved 1150976K
  class space    used 14698K, capacity 15983K, committed 16256K, reserved 1048576K
}
Event: 22.440 GC heap before
{Heap before GC invocations=35 (full 0):
 garbage-first heap   total 310272K, used 239679K [0x0000000080000000, 0x0000000100000000)
  region size 1024K, 15 young (15360K), 3 survivors (3072K)
 Metaspace       used 115192K, capacity 118354K, committed 118912K, reserved 1153024K
  class space    used 14708K, capacity 15991K, committed 16256K, reserved 1048576K
}
Event: 22.450 GC heap after
{Heap after GC invocations=36 (full 0):
 garbage-first heap   total 310272K, used 224893K [0x0000000080000000, 0x0000000100000000)
  region size 1024K, 2 young (2048K), 2 survivors (2048K)
 Metaspace       used 115192K, capacity 118354K, committed 118912K, reserved 1153024K
  class space    used 14708K, capacity 15991K, committed 16256K, reserved 1048576K
}
Event: 22.984 GC heap before
{Heap before GC invocations=36 (full 0):
 garbage-first heap   total 310272K, used 248445K [0x0000000080000000, 0x0000000100000000)
  region size 1024K, 25 young (25600K), 2 survivors (2048K)
 Metaspace       used 115540K, capacity 118722K, committed 119168K, reserved 1153024K
  class space    used 14720K, capacity 16003K, committed 16256K, reserved 1048576K
}
Event: 22.992 GC heap after
{Heap after GC invocations=37 (full 0):
 garbage-first heap   total 310272K, used 225830K [0x0000000080000000, 0x0000000100000000)
  region size 1024K, 3 young (3072K), 3 survivors (3072K)
 Metaspace       used 115540K, capacity 118722K, committed 119168K, reserved 1153024K
  class space    used 14720K, capacity 16003K, committed 16256K, reserved 1048576K
}
Event: 23.631 GC heap before
{Heap before GC invocations=38 (full 0):
 garbage-first heap   total 310272K, used 157222K [0x0000000080000000, 0x0000000100000000)
  region size 1024K, 28 young (28672K), 3 survivors (3072K)
 Metaspace       used 115939K, capacity 119166K, committed 119680K, reserved 1153024K
  class space    used 14744K, capacity 16042K, committed 16256K, reserved 1048576K
}
Event: 23.641 GC heap after
{Heap after GC invocations=39 (full 0):
 garbage-first heap   total 372736K, used 132614K [0x0000000080000000, 0x0000000100000000)
  region size 1024K, 3 young (3072K), 3 survivors (3072K)
 Metaspace       used 115939K, capacity 119166K, committed 119680K, reserved 1153024K
  class space    used 14744K, capacity 16042K, committed 16256K, reserved 1048576K
}
Event: 23.826 GC heap before
{Heap before GC invocations=39 (full 0):
 garbage-first heap   total 372736K, used 146950K [0x0000000080000000, 0x0000000100000000)
  region size 1024K, 18 young (18432K), 3 survivors (3072K)
 Metaspace       used 116325K, capacity 119583K, committed 119936K, reserved 1153024K
  class space    used 14780K, capacity 16053K, committed 16256K, reserved 1048576K
}
Event: 23.836 GC heap after
{Heap after GC invocations=40 (full 0):
 garbage-first heap   total 372736K, used 131530K [0x0000000080000000, 0x0000000100000000)
  region size 1024K, 3 young (3072K), 3 survivors (3072K)
 Metaspace       used 116325K, capacity 119583K, committed 119936K, reserved 1153024K
  class space    used 14780K, capacity 16053K, committed 16256K, reserved 1048576K
}
Event: 24.609 GC heap before
{Heap before GC invocations=40 (full 0):
 garbage-first heap   total 372736K, used 231882K [0x0000000080000000, 0x0000000100000000)
  region size 1024K, 102 young (104448K), 3 survivors (3072K)
 Metaspace       used 117976K, capacity 121341K, committed 121728K, reserved 1155072K
  class space    used 15032K, capacity 16365K, committed 16512K, reserved 1048576K
}
Event: 24.623 GC heap after
{Heap after GC invocations=41 (full 0):
 garbage-first heap   total 372736K, used 138639K [0x0000000080000000, 0x0000000100000000)
  region size 1024K, 10 young (10240K), 10 survivors (10240K)
 Metaspace       used 117976K, capacity 121341K, committed 121728K, reserved 1155072K
  class space    used 15032K, capacity 16365K, committed 16512K, reserved 1048576K
}
Event: 26.401 GC heap before
{Heap before GC invocations=41 (full 0):
 garbage-first heap   total 372736K, used 243087K [0x0000000080000000, 0x0000000100000000)
  region size 1024K, 113 young (115712K), 10 survivors (10240K)
 Metaspace       used 132006K, capacity 136029K, committed 136320K, reserved 1167360K
  class space    used 17105K, capacity 18709K, committed 18816K, reserved 1048576K
}
Event: 26.412 GC heap after
{Heap after GC invocations=42 (full 0):
 garbage-first heap   total 372736K, used 142048K [0x0000000080000000, 0x0000000100000000)
  region size 1024K, 11 young (11264K), 11 survivors (11264K)
 Metaspace       used 132006K, capacity 136029K, committed 136320K, reserved 1167360K
  class space    used 17105K, capacity 18709K, committed 18816K, reserved 1048576K
}
Event: 26.855 GC heap before
{Heap before GC invocations=42 (full 0):
 garbage-first heap   total 372736K, used 212704K [0x0000000080000000, 0x0000000100000000)
  region size 1024K, 48 young (49152K), 11 survivors (11264K)
 Metaspace       used 134973K, capacity 139031K, committed 139264K, reserved 1169408K
  class space    used 17460K, capacity 19077K, committed 19200K, reserved 1048576K
}
Event: 26.870 GC heap after
{Heap after GC invocations=43 (full 0):
 garbage-first heap   total 372736K, used 167578K [0x0000000080000000, 0x0000000100000000)
  region size 1024K, 7 young (7168K), 7 survivors (7168K)
 Metaspace       used 134973K, capacity 139031K, committed 139264K, reserved 1169408K
  class space    used 17460K, capacity 19077K, committed 19200K, reserved 1048576K
}
Event: 298.809 GC heap before
{Heap before GC invocations=44 (full 0):
 garbage-first heap   total 372736K, used 282266K [0x0000000080000000, 0x0000000100000000)
  region size 1024K, 110 young (112640K), 7 survivors (7168K)
 Metaspace       used 138475K, capacity 142649K, committed 142976K, reserved 1173504K
  class space    used 17795K, capacity 19460K, committed 19584K, reserved 1048576K
}
Event: 298.822 GC heap after
{Heap after GC invocations=45 (full 0):
 garbage-first heap   total 372736K, used 148451K [0x0000000080000000, 0x0000000100000000)
  region size 1024K, 13 young (13312K), 13 survivors (13312K)
 Metaspace       used 138475K, capacity 142649K, committed 142976K, reserved 1173504K
  class space    used 17795K, capacity 19460K, committed 19584K, reserved 1048576K
}

