# JRE version: Java(TM) SE Runtime Environment (8.0_221-b11) (build 1.8.0_221-b11)
# Java VM: Java HotSpot(TM) 64-Bit Server VM (25.221-b11 mixed mode windows-amd64 compressed oops)
Heap:
 PSYoungGen      total 235008K, used 43117K [0x00000000d5580000, 0x00000000ea900000, 0x0000000100000000)
  eden space 223232K, 19% used [0x00000000d5580000,0x00000000d7f9b640,0x00000000e2f80000)
  from space 11776K, 0% used [0x00000000e2f80000,0x00000000e2f80000,0x00000000e3b00000)
  to   space 11776K, 0% used [0x00000000e9d80000,0x00000000e9d80000,0x00000000ea900000)
 ParOldGen       total 113664K, used 16606K [0x0000000080000000, 0x0000000086f00000, 0x00000000d5580000)
  object space 113664K, 14% used [0x0000000080000000,0x0000000081037a18,0x0000000086f00000)
 Metaspace       used 35685K, capacity 37346K, committed 37504K, reserved 1081344K
  class space    used 5110K, capacity 5473K, committed 5504K, reserved 1048576K
Heap after GC invocations=5 (full 0):
 PSYoungGen      total 121856K, used 8497K [0x00000000d5580000, 0x00000000e4880000, 0x0000000100000000)
  eden space 112640K, 0% used [0x00000000d5580000,0x00000000d5580000,0x00000000dc380000)
  from space 9216K, 92% used [0x00000000dc380000,0x00000000dcbcc450,0x00000000dcc80000)
  to   space 11776K, 0% used [0x00000000e3d00000,0x00000000e3d00000,0x00000000e4880000)
 ParOldGen       total 150528K, used 2550K [0x0000000080000000, 0x0000000089300000, 0x00000000d5580000)
  object space 150528K, 1% used [0x0000000080000000,0x000000008027db58,0x0000000089300000)
 Metaspace       used 20565K, capacity 21290K, committed 21296K, reserved 1067008K
  class space    used 2977K, capacity 3195K, committed 3200K, reserved 1048576K
Heap after GC invocations=6 (full 1):
 PSYoungGen      total 121856K, used 0K [0x00000000d5580000, 0x00000000e4880000, 0x0000000100000000)
  eden space 112640K, 0% used [0x00000000d5580000,0x00000000d5580000,0x00000000dc380000)
  from space 9216K, 0% used [0x00000000dc380000,0x00000000dc380000,0x00000000dcc80000)
  to   space 11776K, 0% used [0x00000000e3d00000,0x00000000e3d00000,0x00000000e4880000)
 ParOldGen       total 80896K, used 8278K [0x0000000080000000, 0x0000000084f00000, 0x00000000d5580000)
  object space 80896K, 10% used [0x0000000080000000,0x0000000080815a80,0x0000000084f00000)
 Metaspace       used 20565K, capacity 21290K, committed 21296K, reserved 1067008K
  class space    used 2977K, capacity 3195K, committed 3200K, reserved 1048576K
Heap after GC invocations=7 (full 1):
 PSYoungGen      total 201728K, used 9286K [0x00000000d5580000, 0x00000000e4680000, 0x0000000100000000)
  eden space 192000K, 0% used [0x00000000d5580000,0x00000000d5580000,0x00000000e1100000)
  from space 9728K, 95% used [0x00000000e3d00000,0x00000000e4611978,0x00000000e4680000)
  to   space 11776K, 0% used [0x00000000e2f80000,0x00000000e2f80000,0x00000000e3b00000)
 ParOldGen       total 80896K, used 8286K [0x0000000080000000, 0x0000000084f00000, 0x00000000d5580000)
  object space 80896K, 10% used [0x0000000080000000,0x0000000080817a80,0x0000000084f00000)
 Metaspace       used 27845K, capacity 29302K, committed 29568K, reserved 1075200K
  class space    used 4188K, capacity 4472K, committed 4480K, reserved 1048576K
Heap after GC invocations=8 (full 1):
 PSYoungGen      total 235008K, used 9114K [0x00000000d5580000, 0x00000000ea900000, 0x0000000100000000)
  eden space 223232K, 0% used [0x00000000d5580000,0x00000000d5580000,0x00000000e2f80000)
  from space 11776K, 77% used [0x00000000e2f80000,0x00000000e3866b88,0x00000000e3b00000)
  to   space 11776K, 0% used [0x00000000e9d80000,0x00000000e9d80000,0x00000000ea900000)
 ParOldGen       total 80896K, used 8294K [0x0000000080000000, 0x0000000084f00000, 0x00000000d5580000)
  object space 80896K, 10% used [0x0000000080000000,0x0000000080819a80,0x0000000084f00000)
 Metaspace       used 33784K, capacity 35322K, committed 35456K, reserved 1079296K
  class space    used 4826K, capacity 5179K, committed 5248K, reserved 1048576K
Heap after GC invocations=9 (full 2):
 PSYoungGen      total 235008K, used 0K [0x00000000d5580000, 0x00000000ea900000, 0x0000000100000000)
  eden space 223232K, 0% used [0x00000000d5580000,0x00000000d5580000,0x00000000e2f80000)
  from space 11776K, 0% used [0x00000000e2f80000,0x00000000e2f80000,0x00000000e3b00000)
  to   space 11776K, 0% used [0x00000000e9d80000,0x00000000e9d80000,0x00000000ea900000)
 ParOldGen       total 113664K, used 16606K [0x0000000080000000, 0x0000000086f00000, 0x00000000d5580000)
  object space 113664K, 14% used [0x0000000080000000,0x0000000081037a18,0x0000000086f00000)
 Metaspace       used 33759K, capacity 35238K, committed 35456K, reserved 1079296K
  class space    used 4818K, capacity 5165K, committed 5248K, reserved 1048576K
