# JRE version: OpenJDK Runtime Environment (11.0.12+7) (build 11.0.12+7-b1504.28-7817840)
# Java VM: OpenJDK 64-Bit Server VM (11.0.12+7-b1504.28-7817840, mixed mode, tiered, compressed oops, g1 gc, windows-amd64)
Heap:
 garbage-first heap   total 380928K, used 289690K [0x0000000080000000, 0x0000000100000000)
  region size 1024K, 92 young (94208K), 3 survivors (3072K)
 Metaspace       used 141498K, capacity 145765K, committed 147636K, reserved 1177600K
  class space    used 17984K, capacity 19682K, committed 20428K, reserved 1048576K
GC Heap History (20 events):
Event: 28.694 GC heap before
{Heap before GC invocations=31 (full 0):
 garbage-first heap   total 310272K, used 236494K [0x0000000080000000, 0x0000000100000000)
  region size 1024K, 29 young (29696K), 4 survivors (4096K)
 Metaspace       used 120584K, capacity 123871K, committed 123956K, reserved 1157120K
  class space    used 15400K, capacity 16685K, committed 16716K, reserved 1048576K
}
Event: 28.727 GC heap after
{Heap after GC invocations=32 (full 0):
 garbage-first heap   total 310272K, used 237997K [0x0000000080000000, 0x0000000100000000)
  region size 1024K, 4 young (4096K), 4 survivors (4096K)
 Metaspace       used 120584K, capacity 123871K, committed 123956K, reserved 1157120K
  class space    used 15400K, capacity 16685K, committed 16716K, reserved 1048576K
}
Event: 28.794 GC heap before
{Heap before GC invocations=32 (full 0):
 garbage-first heap   total 310272K, used 249261K [0x0000000080000000, 0x0000000100000000)
  region size 1024K, 15 young (15360K), 4 survivors (4096K)
 Metaspace       used 120601K, capacity 123871K, committed 123956K, reserved 1157120K
  class space    used 15400K, capacity 16685K, committed 16716K, reserved 1048576K
}
Event: 28.813 GC heap after
{Heap after GC invocations=33 (full 0):
 garbage-first heap   total 310272K, used 237056K [0x0000000080000000, 0x0000000100000000)
  region size 1024K, 2 young (2048K), 2 survivors (2048K)
 Metaspace       used 120601K, capacity 123871K, committed 123956K, reserved 1157120K
  class space    used 15400K, capacity 16685K, committed 16716K, reserved 1048576K
}
Event: 28.914 GC heap before
{Heap before GC invocations=33 (full 0):
 garbage-first heap   total 310272K, used 251392K [0x0000000080000000, 0x0000000100000000)
  region size 1024K, 16 young (16384K), 2 survivors (2048K)
 Metaspace       used 120625K, capacity 123874K, committed 123956K, reserved 1157120K
  class space    used 15400K, capacity 16685K, committed 16716K, reserved 1048576K
}
Event: 28.924 GC heap after
{Heap after GC invocations=34 (full 0):
 garbage-first heap   total 310272K, used 239033K [0x0000000080000000, 0x0000000100000000)
  region size 1024K, 2 young (2048K), 2 survivors (2048K)
 Metaspace       used 120625K, capacity 123874K, committed 123956K, reserved 1157120K
  class space    used 15400K, capacity 16685K, committed 16716K, reserved 1048576K
}
Event: 29.323 GC heap before
{Heap before GC invocations=34 (full 0):
 garbage-first heap   total 310272K, used 162276K [0x0000000080000000, 0x0000000100000000)
  region size 1024K, 17 young (17408K), 2 survivors (2048K)
 Metaspace       used 121758K, capacity 125032K, committed 125108K, reserved 1157120K
  class space    used 15547K, capacity 16839K, committed 16844K, reserved 1048576K
}
Event: 29.336 GC heap after
{Heap after GC invocations=35 (full 0):
 garbage-first heap   total 380928K, used 147456K [0x0000000080000000, 0x0000000100000000)
  region size 1024K, 2 young (2048K), 2 survivors (2048K)
 Metaspace       used 121758K, capacity 125032K, committed 125108K, reserved 1157120K
  class space    used 15547K, capacity 16839K, committed 16844K, reserved 1048576K
}
Event: 31.399 GC heap before
{Heap before GC invocations=36 (full 0):
 garbage-first heap   total 380928K, used 216064K [0x0000000080000000, 0x0000000100000000)
  region size 1024K, 69 young (70656K), 2 survivors (2048K)
 Metaspace       used 123136K, capacity 126436K, committed 126516K, reserved 1159168K
  class space    used 15598K, capacity 16911K, committed 16972K, reserved 1048576K
}
Event: 31.413 GC heap after
{Heap after GC invocations=37 (full 0):
 garbage-first heap   total 380928K, used 150573K [0x0000000080000000, 0x0000000100000000)
  region size 1024K, 6 young (6144K), 6 survivors (6144K)
 Metaspace       used 123136K, capacity 126436K, committed 126516K, reserved 1159168K
  class space    used 15598K, capacity 16911K, committed 16972K, reserved 1048576K
}
Event: 31.727 GC heap before
{Heap before GC invocations=37 (full 0):
 garbage-first heap   total 380928K, used 162861K [0x0000000080000000, 0x0000000100000000)
  region size 1024K, 18 young (18432K), 6 survivors (6144K)
 Metaspace       used 123572K, capacity 126959K, committed 127156K, reserved 1159168K
  class space    used 15642K, capacity 16979K, committed 17100K, reserved 1048576K
}
Event: 31.739 GC heap after
{Heap after GC invocations=38 (full 0):
 garbage-first heap   total 380928K, used 140785K [0x0000000080000000, 0x0000000100000000)
  region size 1024K, 3 young (3072K), 3 survivors (3072K)
 Metaspace       used 123572K, capacity 126959K, committed 127156K, reserved 1159168K
  class space    used 15642K, capacity 16979K, committed 17100K, reserved 1048576K
}
Event: 32.516 GC heap before
{Heap before GC invocations=38 (full 0):
 garbage-first heap   total 380928K, used 222705K [0x0000000080000000, 0x0000000100000000)
  region size 1024K, 80 young (81920K), 3 survivors (3072K)
 Metaspace       used 125879K, capacity 129399K, committed 129588K, reserved 1161216K
  class space    used 15943K, capacity 17349K, committed 17484K, reserved 1048576K
}
Event: 32.532 GC heap after
{Heap after GC invocations=39 (full 0):
 garbage-first heap   total 380928K, used 147990K [0x0000000080000000, 0x0000000100000000)
  region size 1024K, 10 young (10240K), 10 survivors (10240K)
 Metaspace       used 125879K, capacity 129399K, committed 129588K, reserved 1161216K
  class space    used 15943K, capacity 17349K, committed 17484K, reserved 1048576K
}
Event: 33.771 GC heap before
{Heap before GC invocations=39 (full 0):
 garbage-first heap   total 380928K, used 231958K [0x0000000080000000, 0x0000000100000000)
  region size 1024K, 93 young (95232K), 10 survivors (10240K)
 Metaspace       used 136168K, capacity 140653K, committed 140852K, reserved 1171456K
  class space    used 17646K, capacity 19510K, committed 19532K, reserved 1048576K
}
Event: 33.802 GC heap after
{Heap after GC invocations=40 (full 0):
 garbage-first heap   total 380928K, used 159546K [0x0000000080000000, 0x0000000100000000)
  region size 1024K, 12 young (12288K), 12 survivors (12288K)
 Metaspace       used 136168K, capacity 140653K, committed 140852K, reserved 1171456K
  class space    used 17646K, capacity 19510K, committed 19532K, reserved 1048576K
}
Event: 35.110 GC heap before
{Heap before GC invocations=40 (full 0):
 garbage-first heap   total 380928K, used 246586K [0x0000000080000000, 0x0000000100000000)
  region size 1024K, 97 young (99328K), 12 survivors (12288K)
 Metaspace       used 139354K, capacity 144093K, committed 144180K, reserved 1173504K
  class space    used 18063K, capacity 20009K, committed 20044K, reserved 1048576K
}
Event: 35.127 GC heap after
{Heap after GC invocations=41 (full 0):
 garbage-first heap   total 380928K, used 160163K [0x0000000080000000, 0x0000000100000000)
  region size 1024K, 7 young (7168K), 7 survivors (7168K)
 Metaspace       used 139354K, capacity 144093K, committed 144180K, reserved 1173504K
  class space    used 18063K, capacity 20009K, committed 20044K, reserved 1048576K
}
Event: 35.991 GC heap before
{Heap before GC invocations=41 (full 0):
 garbage-first heap   total 380928K, used 224675K [0x0000000080000000, 0x0000000100000000)
  region size 1024K, 55 young (56320K), 7 survivors (7168K)
 Metaspace       used 141143K, capacity 146040K, committed 146228K, reserved 1175552K
  class space    used 18242K, capacity 20245K, committed 20300K, reserved 1048576K
}
Event: 35.999 GC heap after
{Heap after GC invocations=42 (full 0):
 garbage-first heap   total 380928K, used 167834K [0x0000000080000000, 0x0000000100000000)
  region size 1024K, 3 young (3072K), 3 survivors (3072K)
 Metaspace       used 141143K, capacity 146040K, committed 146228K, reserved 1175552K
  class space    used 18242K, capacity 20245K, committed 20300K, reserved 1048576K
}

