# JRE version: OpenJDK Runtime Environment (11.0.12+7) (build 11.0.12+7-b1504.28-7817840)
# Java VM: OpenJDK 64-Bit Server VM (11.0.12+7-b1504.28-7817840, mixed mode, tiered, compressed oops, g1 gc, windows-amd64)
Heap:
 garbage-first heap   total 523264K, used 151499K [0x0000000080000000, 0x0000000100000000)
  region size 1024K, 2 young (2048K), 2 survivors (2048K)
 Metaspace       used 112909K, capacity 115484K, committed 115696K, reserved 1150976K
  class space    used 14219K, capacity 15216K, committed 15308K, reserved 1048576K
GC Heap History (20 events):
Event: 26.387 GC heap after
{Heap after GC invocations=25 (full 0):
 garbage-first heap   total 258048K, used 204007K [0x0000000080000000, 0x0000000100000000)
  region size 1024K, 5 young (5120K), 5 survivors (5120K)
 Metaspace       used 110772K, capacity 113327K, committed 113776K, reserved 1148928K
  class space    used 14034K, capacity 15012K, committed 15180K, reserved 1048576K
}
Event: 26.429 GC heap before
{Heap before GC invocations=25 (full 0):
 garbage-first heap   total 258048K, used 213223K [0x0000000080000000, 0x0000000100000000)
  region size 1024K, 14 young (14336K), 5 survivors (5120K)
 Metaspace       used 110772K, capacity 113327K, committed 113776K, reserved 1148928K
  class space    used 14034K, capacity 15012K, committed 15180K, reserved 1048576K
}
Event: 26.441 GC heap after
{Heap after GC invocations=26 (full 0):
 garbage-first heap   total 258048K, used 214016K [0x0000000080000000, 0x0000000100000000)
  region size 1024K, 2 young (2048K), 2 survivors (2048K)
 Metaspace       used 110772K, capacity 113327K, committed 113776K, reserved 1148928K
  class space    used 14034K, capacity 15012K, committed 15180K, reserved 1048576K
}
Event: 26.508 GC heap before
{Heap before GC invocations=26 (full 0):
 garbage-first heap   total 258048K, used 224256K [0x0000000080000000, 0x0000000100000000)
  region size 1024K, 12 young (12288K), 2 survivors (2048K)
 Metaspace       used 110781K, capacity 113327K, committed 113776K, reserved 1148928K
  class space    used 14034K, capacity 15012K, committed 15180K, reserved 1048576K
}
Event: 26.513 GC heap after
{Heap after GC invocations=27 (full 0):
 garbage-first heap   total 258048K, used 220160K [0x0000000080000000, 0x0000000100000000)
  region size 1024K, 2 young (2048K), 2 survivors (2048K)
 Metaspace       used 110781K, capacity 113327K, committed 113776K, reserved 1148928K
  class space    used 14034K, capacity 15012K, committed 15180K, reserved 1048576K
}
Event: 26.639 GC heap before
{Heap before GC invocations=27 (full 0):
 garbage-first heap   total 258048K, used 229376K [0x0000000080000000, 0x0000000100000000)
  region size 1024K, 12 young (12288K), 2 survivors (2048K)
 Metaspace       used 110866K, capacity 113398K, committed 114032K, reserved 1148928K
  class space    used 14034K, capacity 15012K, committed 15180K, reserved 1048576K
}
Event: 26.645 GC heap after
{Heap after GC invocations=28 (full 0):
 garbage-first heap   total 258048K, used 223057K [0x0000000080000000, 0x0000000100000000)
  region size 1024K, 2 young (2048K), 2 survivors (2048K)
 Metaspace       used 110866K, capacity 113398K, committed 114032K, reserved 1148928K
  class space    used 14034K, capacity 15012K, committed 15180K, reserved 1048576K
}
Event: 26.728 GC heap before
{Heap before GC invocations=28 (full 0):
 garbage-first heap   total 258048K, used 232273K [0x0000000080000000, 0x0000000100000000)
  region size 1024K, 12 young (12288K), 2 survivors (2048K)
 Metaspace       used 110866K, capacity 113398K, committed 114032K, reserved 1148928K
  class space    used 14034K, capacity 15012K, committed 15180K, reserved 1048576K
}
Event: 26.733 GC heap after
{Heap after GC invocations=29 (full 0):
 garbage-first heap   total 258048K, used 233460K [0x0000000080000000, 0x0000000100000000)
  region size 1024K, 2 young (2048K), 2 survivors (2048K)
 Metaspace       used 110866K, capacity 113398K, committed 114032K, reserved 1148928K
  class space    used 14034K, capacity 15012K, committed 15180K, reserved 1048576K
}
Event: 26.775 GC heap before
{Heap before GC invocations=29 (full 0):
 garbage-first heap   total 258048K, used 243700K [0x0000000080000000, 0x0000000100000000)
  region size 1024K, 12 young (12288K), 2 survivors (2048K)
 Metaspace       used 110866K, capacity 113398K, committed 114032K, reserved 1148928K
  class space    used 14034K, capacity 15012K, committed 15180K, reserved 1048576K
}
Event: 26.780 GC heap after
{Heap after GC invocations=30 (full 0):
 garbage-first heap   total 258048K, used 244546K [0x0000000080000000, 0x0000000100000000)
  region size 1024K, 2 young (2048K), 2 survivors (2048K)
 Metaspace       used 110866K, capacity 113398K, committed 114032K, reserved 1148928K
  class space    used 14034K, capacity 15012K, committed 15180K, reserved 1048576K
}
Event: 26.801 GC heap before
{Heap before GC invocations=30 (full 0):
 garbage-first heap   total 258048K, used 253762K [0x0000000080000000, 0x0000000100000000)
  region size 1024K, 12 young (12288K), 2 survivors (2048K)
 Metaspace       used 110866K, capacity 113398K, committed 114032K, reserved 1148928K
  class space    used 14034K, capacity 15012K, committed 15180K, reserved 1048576K
}
Event: 26.811 GC heap after
{Heap after GC invocations=31 (full 0):
 garbage-first heap   total 346112K, used 255929K [0x0000000080000000, 0x0000000100000000)
  region size 1024K, 2 young (2048K), 2 survivors (2048K)
 Metaspace       used 110866K, capacity 113398K, committed 114032K, reserved 1148928K
  class space    used 14034K, capacity 15012K, committed 15180K, reserved 1048576K
}
Event: 26.869 GC heap before
{Heap before GC invocations=31 (full 0):
 garbage-first heap   total 346112K, used 276409K [0x0000000080000000, 0x0000000100000000)
  region size 1024K, 22 young (22528K), 2 survivors (2048K)
 Metaspace       used 110871K, capacity 113398K, committed 114032K, reserved 1148928K
  class space    used 14034K, capacity 15012K, committed 15180K, reserved 1048576K
}
Event: 26.890 GC heap after
{Heap after GC invocations=32 (full 0):
 garbage-first heap   total 346112K, used 274932K [0x0000000080000000, 0x0000000100000000)
  region size 1024K, 3 young (3072K), 3 survivors (3072K)
 Metaspace       used 110871K, capacity 113398K, committed 114032K, reserved 1148928K
  class space    used 14034K, capacity 15012K, committed 15180K, reserved 1048576K
}
Event: 27.004 GC heap before
{Heap before GC invocations=33 (full 0):
 garbage-first heap   total 346112K, used 288244K [0x0000000080000000, 0x0000000100000000)
  region size 1024K, 16 young (16384K), 3 survivors (3072K)
 Metaspace       used 110962K, capacity 113471K, committed 114032K, reserved 1148928K
  class space    used 14039K, capacity 15014K, committed 15180K, reserved 1048576K
}
Event: 27.010 GC heap after
{Heap after GC invocations=34 (full 0):
 garbage-first heap   total 346112K, used 277570K [0x0000000080000000, 0x0000000100000000)
  region size 1024K, 2 young (2048K), 2 survivors (2048K)
 Metaspace       used 110962K, capacity 113471K, committed 114032K, reserved 1148928K
  class space    used 14039K, capacity 15014K, committed 15180K, reserved 1048576K
}
Event: 27.372 GC heap before
{Heap before GC invocations=34 (full 0):
 garbage-first heap   total 346112K, used 291906K [0x0000000080000000, 0x0000000100000000)
  region size 1024K, 16 young (16384K), 2 survivors (2048K)
 Metaspace       used 112448K, capacity 115000K, committed 115440K, reserved 1148928K
  class space    used 14204K, capacity 15206K, committed 15308K, reserved 1048576K
}
Event: 27.377 GC heap after
{Heap after GC invocations=35 (full 0):
 garbage-first heap   total 346112K, used 279436K [0x0000000080000000, 0x0000000100000000)
  region size 1024K, 2 young (2048K), 2 survivors (2048K)
 Metaspace       used 112448K, capacity 115000K, committed 115440K, reserved 1148928K
  class space    used 14204K, capacity 15206K, committed 15308K, reserved 1048576K
}
Event: 27.822 GC heap before
{Heap before GC invocations=36 (full 0):
 garbage-first heap   total 346112K, used 164748K [0x0000000080000000, 0x0000000100000000)
  region size 1024K, 16 young (16384K), 2 survivors (2048K)
 Metaspace       used 112909K, capacity 115484K, committed 115696K, reserved 1150976K
  class space    used 14219K, capacity 15216K, committed 15308K, reserved 1048576K
}

